<?xml version="1.0" encoding="UTF-8"?>
<coverage generated="1695676048702" clover="3.2.0">
  <project timestamp="1695676048702" name="All files">
    <metrics statements="12" coveredstatements="12" conditionals="4" coveredconditionals="4" methods="3" coveredmethods="3" elements="19" coveredelements="19" complexity="0" loc="12" ncloc="12" packages="2" files="2" classes="2"/>
    <package name="controllers">
      <metrics statements="7" coveredstatements="7" conditionals="4" coveredconditionals="4" methods="3" coveredmethods="3"/>
      <file name="index.controller.js" path="C:\Users\EdwinDev\Desktop\nodejs-jest-supertest\src\controllers\index.controller.js">
        <metrics statements="7" coveredstatements="7" conditionals="4" coveredconditionals="4" methods="3" coveredmethods="3"/>
        <line num="3" count="1" type="stmt"/>
        <line num="5" count="1" type="stmt"/>
        <line num="8" count="1" type="stmt"/>
        <line num="10" count="5" type="stmt"/>
        <line num="12" count="5" type="cond" truecount="4" falsecount="0"/>
        <line num="13" count="3" type="stmt"/>
        <line num="16" count="2" type="stmt"/>
      </file>
    </package>
    <package name="routes">
      <metrics statements="5" coveredstatements="5" conditionals="0" coveredconditionals="0" methods="0" coveredmethods="0"/>
      <file name="index.routes.js" path="C:\Users\EdwinDev\Desktop\nodejs-jest-supertest\src\routes\index.routes.js">
        <metrics statements="5" coveredstatements="5" conditionals="0" coveredconditionals="0" methods="0" coveredmethods="0"/>
        <line num="4" count="1" type="stmt"/>
        <line num="5" count="1" type="stmt"/>
        <line num="7" count="1" type="stmt"/>
        <line num="9" count="1" type="stmt"/>
        <line num="11" count="1" type="stmt"/>
      </file>
    </package>
  </project>
</coverage>
